{"meta": {"format": 3, "version": "7.11.2", "timestamp": "2025-11-09T21:38:53.789048", "branch_coverage": false, "show_contexts": false}, "files": {"shop\\__init__.py": {"executed_lines": [0], "summary": {"covered_lines": 0, "num_statements": 0, "percent_covered": 100.0, "percent_covered_display": "100", "missing_lines": 0, "excluded_lines": 0}, "missing_lines": [], "excluded_lines": [], "functions": {"": {"executed_lines": [], "summary": {"covered_lines": 0, "num_statements": 0, "percent_covered": 100.0, "percent_covered_display": "100", "missing_lines": 0, "excluded_lines": 0}, "missing_lines": [], "excluded_lines": []}}, "classes": {"": {"executed_lines": [], "summary": {"covered_lines": 0, "num_statements": 0, "percent_covered": 100.0, "percent_covered_display": "100", "missing_lines": 0, "excluded_lines": 0}, "missing_lines": [], "excluded_lines": []}}}, "shop\\admin.py": {"executed_lines": [1, 2, 3, 6, 7, 8, 9, 10, 11, 13, 19, 26, 27, 28, 29, 30, 31, 34, 35, 36, 37, 38, 39, 42, 43, 44, 45, 46, 49, 50, 51, 52, 53, 54, 55, 56, 58, 74, 83, 90, 91, 92, 93, 94, 96, 98, 101, 102, 103, 104, 105, 106, 107, 109, 111, 113, 115, 118, 119, 120, 121, 122, 124, 126, 129, 130, 131, 132, 133, 134, 135, 136, 138], "summary": {"covered_lines": 64, "num_statements": 77, "percent_covered": 83.11688311688312, "percent_covered_display": "83", "missing_lines": 13, "excluded_lines": 0}, "missing_lines": [76, 77, 78, 79, 80, 81, 85, 86, 87, 97, 110, 114, 125], "excluded_lines": [], "functions": {"ProductAdmin.get_queryset": {"executed_lines": [], "summary": {"covered_lines": 0, "num_statements": 6, "percent_covered": 0.0, "percent_covered_display": "0", "missing_lines": 6, "excluded_lines": 0}, "missing_lines": [76, 77, 78, 79, 80, 81], "excluded_lines": []}, "ProductAdmin.save_model": {"executed_lines": [], "summary": {"covered_lines": 0, "num_statements": 3, "percent_covered": 0.0, "percent_covered_display": "0", "missing_lines": 3, "excluded_lines": 0}, "missing_lines": [85, 86, 87], "excluded_lines": []}, "CartItemInline.get_subtotal": {"executed_lines": [], "summary": {"covered_lines": 0, "num_statements": 1, "percent_covered": 0.0, "percent_covered_display": "0", "missing_lines": 1, "excluded_lines": 0}, "missing_lines": [97], "excluded_lines": []}, "CartAdmin.get_item_count": {"executed_lines": [], "summary": {"covered_lines": 0, "num_statements": 1, "percent_covered": 0.0, "percent_covered_display": "0", "missing_lines": 1, "excluded_lines": 0}, "missing_lines": [110], "excluded_lines": []}, "CartAdmin.get_total": {"executed_lines": [], "summary": {"covered_lines": 0, "num_statements": 1, "percent_covered": 0.0, "percent_covered_display": "0", "missing_lines": 1, "excluded_lines": 0}, "missing_lines": [114], "excluded_lines": []}, "OrderItemInline.get_subtotal": {"executed_lines": [], "summary": {"covered_lines": 0, "num_statements": 1, "percent_covered": 0.0, "percent_covered_display": "0", "missing_lines": 1, "excluded_lines": 0}, "missing_lines": [125], "excluded_lines": []}, "": {"executed_lines": [1, 2, 3, 6, 7, 8, 9, 10, 11, 13, 19, 26, 27, 28, 29, 30, 31, 34, 35, 36, 37, 38, 39, 42, 43, 44, 45, 46, 49, 50, 51, 52, 53, 54, 55, 56, 58, 74, 83, 90, 91, 92, 93, 94, 96, 98, 101, 102, 103, 104, 105, 106, 107, 109, 111, 113, 115, 118, 119, 120, 121, 122, 124, 126, 129, 130, 131, 132, 133, 134, 135, 136, 138], "summary": {"covered_lines": 64, "num_statements": 64, "percent_covered": 100.0, "percent_covered_display": "100", "missing_lines": 0, "excluded_lines": 0}, "missing_lines": [], "excluded_lines": []}}, "classes": {"UserAdmin": {"executed_lines": [], "summary": {"covered_lines": 0, "num_statements": 0, "percent_covered": 100.0, "percent_covered_display": "100", "missing_lines": 0, "excluded_lines": 0}, "missing_lines": [], "excluded_lines": []}, "CategoryAdmin": {"executed_lines": [], "summary": {"covered_lines": 0, "num_statements": 0, "percent_covered": 100.0, "percent_covered_display": "100", "missing_lines": 0, "excluded_lines": 0}, "missing_lines": [], "excluded_lines": []}, "TagAdmin": {"executed_lines": [], "summary": {"covered_lines": 0, "num_statements": 0, "percent_covered": 100.0, "percent_covered_display": "100", "missing_lines": 0, "excluded_lines": 0}, "missing_lines": [], "excluded_lines": []}, "ProductImageInline": {"executed_lines": [], "summary": {"covered_lines": 0, "num_statements": 0, "percent_covered": 100.0, "percent_covered_display": "100", "missing_lines": 0, "excluded_lines": 0}, "missing_lines": [], "excluded_lines": []}, "ProductAdmin": {"executed_lines": [], "summary": {"covered_lines": 0, "num_statements": 9, "percent_covered": 0.0, "percent_covered_display": "0", "missing_lines": 9, "excluded_lines": 0}, "missing_lines": [76, 77, 78, 79, 80, 81, 85, 86, 87], "excluded_lines": []}, "CartItemInline": {"executed_lines": [], "summary": {"covered_lines": 0, "num_statements": 1, "percent_covered": 0.0, "percent_covered_display": "0", "missing_lines": 1, "excluded_lines": 0}, "missing_lines": [97], "excluded_lines": []}, "CartAdmin": {"executed_lines": [], "summary": {"covered_lines": 0, "num_statements": 2, "percent_covered": 0.0, "percent_covered_display": "0", "missing_lines": 2, "excluded_lines": 0}, "missing_lines": [110, 114], "excluded_lines": []}, "OrderItemInline": {"executed_lines": [], "summary": {"covered_lines": 0, "num_statements": 1, "percent_covered": 0.0, "percent_covered_display": "0", "missing_lines": 1, "excluded_lines": 0}, "missing_lines": [125], "excluded_lines": []}, "OrderAdmin": {"executed_lines": [], "summary": {"covered_lines": 0, "num_statements": 0, "percent_covered": 100.0, "percent_covered_display": "100", "missing_lines": 0, "excluded_lines": 0}, "missing_lines": [], "excluded_lines": []}, "": {"executed_lines": [1, 2, 3, 6, 7, 8, 9, 10, 11, 13, 19, 26, 27, 28, 29, 30, 31, 34, 35, 36, 37, 38, 39, 42, 43, 44, 45, 46, 49, 50, 51, 52, 53, 54, 55, 56, 58, 74, 83, 90, 91, 92, 93, 94, 96, 98, 101, 102, 103, 104, 105, 106, 107, 109, 111, 113, 115, 118, 119, 120, 121, 122, 124, 126, 129, 130, 131, 132, 133, 134, 135, 136, 138], "summary": {"covered_lines": 64, "num_statements": 64, "percent_covered": 100.0, "percent_covered_display": "100", "missing_lines": 0, "excluded_lines": 0}, "missing_lines": [], "excluded_lines": []}}}, "shop\\apps.py": {"executed_lines": [1, 4, 5, 6], "summary": {"covered_lines": 4, "num_statements": 4, "percent_covered": 100.0, "percent_covered_display": "100", "missing_lines": 0, "excluded_lines": 0}, "missing_lines": [], "excluded_lines": [], "functions": {"": {"executed_lines": [1, 4, 5, 6], "summary": {"covered_lines": 4, "num_statements": 4, "percent_covered": 100.0, "percent_covered_display": "100", "missing_lines": 0, "excluded_lines": 0}, "missing_lines": [], "excluded_lines": []}}, "classes": {"ShopConfig": {"executed_lines": [], "summary": {"covered_lines": 0, "num_statements": 0, "percent_covered": 100.0, "percent_covered_display": "100", "missing_lines": 0, "excluded_lines": 0}, "missing_lines": [], "excluded_lines": []}, "": {"executed_lines": [1, 4, 5, 6], "summary": {"covered_lines": 4, "num_statements": 4, "percent_covered": 100.0, "percent_covered_display": "100", "missing_lines": 0, "excluded_lines": 0}, "missing_lines": [], "excluded_lines": []}}}, "shop\\context_processors.py": {"executed_lines": [1, 4, 7, 11, 12, 13, 14, 16, 17, 19], "summary": {"covered_lines": 9, "num_statements": 10, "percent_covered": 90.0, "percent_covered_display": "90", "missing_lines": 1, "excluded_lines": 0}, "missing_lines": [15], "excluded_lines": [], "functions": {"cart_count": {"executed_lines": [11, 12, 13, 14, 16, 17, 19], "summary": {"covered_lines": 7, "num_statements": 8, "percent_covered": 87.5, "percent_covered_display": "88", "missing_lines": 1, "excluded_lines": 0}, "missing_lines": [15], "excluded_lines": []}, "": {"executed_lines": [1, 4, 7], "summary": {"covered_lines": 2, "num_statements": 2, "percent_covered": 100.0, "percent_covered_display": "100", "missing_lines": 0, "excluded_lines": 0}, "missing_lines": [], "excluded_lines": []}}, "classes": {"": {"executed_lines": [1, 4, 7, 11, 12, 13, 14, 16, 17, 19], "summary": {"covered_lines": 9, "num_statements": 10, "percent_covered": 90.0, "percent_covered_display": "90", "missing_lines": 1, "excluded_lines": 0}, "missing_lines": [15], "excluded_lines": []}}}, "shop\\forms.py": {"executed_lines": [1, 2, 3, 6, 7, 8, 9, 10, 12, 13, 14, 15, 22, 23, 25, 30, 31, 34, 35, 36, 37, 38, 42, 48, 49, 50, 51, 52, 53, 63, 75, 76, 77, 78, 79, 80, 85], "summary": {"covered_lines": 33, "num_statements": 33, "percent_covered": 100.0, "percent_covered_display": "100", "missing_lines": 0, "excluded_lines": 0}, "missing_lines": [], "excluded_lines": [], "functions": {"UserRegistrationForm.__init__": {"executed_lines": [23, 25, 30, 31], "summary": {"covered_lines": 4, "num_statements": 4, "percent_covered": 100.0, "percent_covered_display": "100", "missing_lines": 0, "excluded_lines": 0}, "missing_lines": [], "excluded_lines": []}, "UserLoginForm.__init__": {"executed_lines": [37, 38, 42], "summary": {"covered_lines": 3, "num_statements": 3, "percent_covered": 100.0, "percent_covered_display": "100", "missing_lines": 0, "excluded_lines": 0}, "missing_lines": [], "excluded_lines": []}, "": {"executed_lines": [1, 2, 3, 6, 7, 8, 9, 10, 12, 13, 14, 15, 22, 34, 35, 36, 48, 49, 50, 51, 52, 53, 63, 75, 76, 77, 78, 79, 80, 85], "summary": {"covered_lines": 26, "num_statements": 26, "percent_covered": 100.0, "percent_covered_display": "100", "missing_lines": 0, "excluded_lines": 0}, "missing_lines": [], "excluded_lines": []}}, "classes": {"UserRegistrationForm": {"executed_lines": [23, 25, 30, 31], "summary": {"covered_lines": 4, "num_statements": 4, "percent_covered": 100.0, "percent_covered_display": "100", "missing_lines": 0, "excluded_lines": 0}, "missing_lines": [], "excluded_lines": []}, "UserRegistrationForm.Meta": {"executed_lines": [], "summary": {"covered_lines": 0, "num_statements": 0, "percent_covered": 100.0, "percent_covered_display": "100", "missing_lines": 0, "excluded_lines": 0}, "missing_lines": [], "excluded_lines": []}, "UserLoginForm": {"executed_lines": [37, 38, 42], "summary": {"covered_lines": 3, "num_statements": 3, "percent_covered": 100.0, "percent_covered_display": "100", "missing_lines": 0, "excluded_lines": 0}, "missing_lines": [], "excluded_lines": []}, "ProductForm": {"executed_lines": [], "summary": {"covered_lines": 0, "num_statements": 0, "percent_covered": 100.0, "percent_covered_display": "100", "missing_lines": 0, "excluded_lines": 0}, "missing_lines": [], "excluded_lines": []}, "ProductForm.Meta": {"executed_lines": [], "summary": {"covered_lines": 0, "num_statements": 0, "percent_covered": 100.0, "percent_covered_display": "100", "missing_lines": 0, "excluded_lines": 0}, "missing_lines": [], "excluded_lines": []}, "OrderForm": {"executed_lines": [], "summary": {"covered_lines": 0, "num_statements": 0, "percent_covered": 100.0, "percent_covered_display": "100", "missing_lines": 0, "excluded_lines": 0}, "missing_lines": [], "excluded_lines": []}, "OrderForm.Meta": {"executed_lines": [], "summary": {"covered_lines": 0, "num_statements": 0, "percent_covered": 100.0, "percent_covered_display": "100", "missing_lines": 0, "excluded_lines": 0}, "missing_lines": [], "excluded_lines": []}, "": {"executed_lines": [1, 2, 3, 6, 7, 8, 9, 10, 12, 13, 14, 15, 22, 34, 35, 36, 48, 49, 50, 51, 52, 53, 63, 75, 76, 77, 78, 79, 80, 85], "summary": {"covered_lines": 26, "num_statements": 26, "percent_covered": 100.0, "percent_covered_display": "100", "missing_lines": 0, "excluded_lines": 0}, "missing_lines": [], "excluded_lines": []}}}, "shop\\migrations\\0001_initial.py": {"executed_lines": [3, 4, 5, 6, 7, 8, 9, 12, 14, 16, 20], "summary": {"covered_lines": 11, "num_statements": 11, "percent_covered": 100.0, "percent_covered_display": "100", "missing_lines": 0, "excluded_lines": 0}, "missing_lines": [], "excluded_lines": [], "functions": {"": {"executed_lines": [3, 4, 5, 6, 7, 8, 9, 12, 14, 16, 20], "summary": {"covered_lines": 11, "num_statements": 11, "percent_covered": 100.0, "percent_covered_display": "100", "missing_lines": 0, "excluded_lines": 0}, "missing_lines": [], "excluded_lines": []}}, "classes": {"Migration": {"executed_lines": [], "summary": {"covered_lines": 0, "num_statements": 0, "percent_covered": 100.0, "percent_covered_display": "100", "missing_lines": 0, "excluded_lines": 0}, "missing_lines": [], "excluded_lines": []}, "": {"executed_lines": [3, 4, 5, 6, 7, 8, 9, 12, 14, 16, 20], "summary": {"covered_lines": 11, "num_statements": 11, "percent_covered": 100.0, "percent_covered_display": "100", "missing_lines": 0, "excluded_lines": 0}, "missing_lines": [], "excluded_lines": []}}}, "shop\\migrations\\__init__.py": {"executed_lines": [0], "summary": {"covered_lines": 0, "num_statements": 0, "percent_covered": 100.0, "percent_covered_display": "100", "missing_lines": 0, "excluded_lines": 0}, "missing_lines": [], "excluded_lines": [], "functions": {"": {"executed_lines": [], "summary": {"covered_lines": 0, "num_statements": 0, "percent_covered": 100.0, "percent_covered_display": "100", "missing_lines": 0, "excluded_lines": 0}, "missing_lines": [], "excluded_lines": []}}, "classes": {"": {"executed_lines": [], "summary": {"covered_lines": 0, "num_statements": 0, "percent_covered": 100.0, "percent_covered_display": "100", "missing_lines": 0, "excluded_lines": 0}, "missing_lines": [], "excluded_lines": []}}}, "shop\\models.py": {"executed_lines": [1, 2, 3, 6, 7, 8, 13, 14, 15, 17, 21, 22, 23, 24, 25, 27, 28, 29, 30, 32, 36, 37, 38, 40, 41, 42, 43, 45, 49, 50, 51, 52, 53, 54, 55, 56, 57, 58, 59, 60, 61, 63, 64, 65, 66, 68, 72, 73, 74, 75, 76, 78, 79, 80, 82, 85, 87, 89, 91, 94, 95, 96, 97, 98, 99, 101, 102, 103, 104, 106, 109, 111, 112, 116, 117, 118, 126, 127, 128, 129, 130, 131, 132, 133, 135, 136, 137, 138, 140, 141, 144, 145, 146, 147, 148, 149, 151, 152, 153, 155, 158], "summary": {"covered_lines": 93, "num_statements": 104, "percent_covered": 89.42307692307692, "percent_covered_display": "89", "missing_lines": 11, "excluded_lines": 0}, "missing_lines": [18, 33, 46, 69, 83, 107, 113, 156, 160, 161, 162], "excluded_lines": [], "functions": {"User.__str__": {"executed_lines": [], "summary": {"covered_lines": 0, "num_statements": 1, "percent_covered": 0.0, "percent_covered_display": "0", "missing_lines": 1, "excluded_lines": 0}, "missing_lines": [18], "excluded_lines": []}, "Category.__str__": {"executed_lines": [], "summary": {"covered_lines": 0, "num_statements": 1, "percent_covered": 0.0, "percent_covered_display": "0", "missing_lines": 1, "excluded_lines": 0}, "missing_lines": [33], "excluded_lines": []}, "Tag.__str__": {"executed_lines": [], "summary": {"covered_lines": 0, "num_statements": 1, "percent_covered": 0.0, "percent_covered_display": "0", "missing_lines": 1, "excluded_lines": 0}, "missing_lines": [46], "excluded_lines": []}, "Product.__str__": {"executed_lines": [], "summary": {"covered_lines": 0, "num_statements": 1, "percent_covered": 0.0, "percent_covered_display": "0", "missing_lines": 1, "excluded_lines": 0}, "missing_lines": [69], "excluded_lines": []}, "Cart.__str__": {"executed_lines": [], "summary": {"covered_lines": 0, "num_statements": 1, "percent_covered": 0.0, "percent_covered_display": "0", "missing_lines": 1, "excluded_lines": 0}, "missing_lines": [83], "excluded_lines": []}, "Cart.get_total": {"executed_lines": [87], "summary": {"covered_lines": 1, "num_statements": 1, "percent_covered": 100.0, "percent_covered_display": "100", "missing_lines": 0, "excluded_lines": 0}, "missing_lines": [], "excluded_lines": []}, "Cart.get_item_count": {"executed_lines": [91], "summary": {"covered_lines": 1, "num_statements": 1, "percent_covered": 100.0, "percent_covered_display": "100", "missing_lines": 0, "excluded_lines": 0}, "missing_lines": [], "excluded_lines": []}, "CartItem.__str__": {"executed_lines": [], "summary": {"covered_lines": 0, "num_statements": 1, "percent_covered": 0.0, "percent_covered_display": "0", "missing_lines": 1, "excluded_lines": 0}, "missing_lines": [107], "excluded_lines": []}, "CartItem.get_subtotal": {"executed_lines": [111, 112], "summary": {"covered_lines": 2, "num_statements": 3, "percent_covered": 66.66666666666667, "percent_covered_display": "67", "missing_lines": 1, "excluded_lines": 0}, "missing_lines": [113], "excluded_lines": []}, "Order.__str__": {"executed_lines": [141], "summary": {"covered_lines": 1, "num_statements": 1, "percent_covered": 100.0, "percent_covered_display": "100", "missing_lines": 0, "excluded_lines": 0}, "missing_lines": [], "excluded_lines": []}, "OrderItem.__str__": {"executed_lines": [], "summary": {"covered_lines": 0, "num_statements": 1, "percent_covered": 0.0, "percent_covered_display": "0", "missing_lines": 1, "excluded_lines": 0}, "missing_lines": [156], "excluded_lines": []}, "OrderItem.get_subtotal": {"executed_lines": [], "summary": {"covered_lines": 0, "num_statements": 3, "percent_covered": 0.0, "percent_covered_display": "0", "missing_lines": 3, "excluded_lines": 0}, "missing_lines": [160, 161, 162], "excluded_lines": []}, "": {"executed_lines": [1, 2, 3, 6, 7, 8, 13, 14, 15, 17, 21, 22, 23, 24, 25, 27, 28, 29, 30, 32, 36, 37, 38, 40, 41, 42, 43, 45, 49, 50, 51, 52, 53, 54, 55, 56, 57, 58, 59, 60, 61, 63, 64, 65, 66, 68, 72, 73, 74, 75, 76, 78, 79, 80, 82, 85, 89, 94, 95, 96, 97, 98, 99, 101, 102, 103, 104, 106, 109, 116, 117, 118, 126, 127, 128, 129, 130, 131, 132, 133, 135, 136, 137, 138, 140, 144, 145, 146, 147, 148, 149, 151, 152, 153, 155, 158], "summary": {"covered_lines": 88, "num_statements": 88, "percent_covered": 100.0, "percent_covered_display": "100", "missing_lines": 0, "excluded_lines": 0}, "missing_lines": [], "excluded_lines": []}}, "classes": {"User": {"executed_lines": [], "summary": {"covered_lines": 0, "num_statements": 1, "percent_covered": 0.0, "percent_covered_display": "0", "missing_lines": 1, "excluded_lines": 0}, "missing_lines": [18], "excluded_lines": []}, "Category": {"executed_lines": [], "summary": {"covered_lines": 0, "num_statements": 1, "percent_covered": 0.0, "percent_covered_display": "0", "missing_lines": 1, "excluded_lines": 0}, "missing_lines": [33], "excluded_lines": []}, "Category.Meta": {"executed_lines": [], "summary": {"covered_lines": 0, "num_statements": 0, "percent_covered": 100.0, "percent_covered_display": "100", "missing_lines": 0, "excluded_lines": 0}, "missing_lines": [], "excluded_lines": []}, "Tag": {"executed_lines": [], "summary": {"covered_lines": 0, "num_statements": 1, "percent_covered": 0.0, "percent_covered_display": "0", "missing_lines": 1, "excluded_lines": 0}, "missing_lines": [46], "excluded_lines": []}, "Tag.Meta": {"executed_lines": [], "summary": {"covered_lines": 0, "num_statements": 0, "percent_covered": 100.0, "percent_covered_display": "100", "missing_lines": 0, "excluded_lines": 0}, "missing_lines": [], "excluded_lines": []}, "Product": {"executed_lines": [], "summary": {"covered_lines": 0, "num_statements": 1, "percent_covered": 0.0, "percent_covered_display": "0", "missing_lines": 1, "excluded_lines": 0}, "missing_lines": [69], "excluded_lines": []}, "Product.Meta": {"executed_lines": [], "summary": {"covered_lines": 0, "num_statements": 0, "percent_covered": 100.0, "percent_covered_display": "100", "missing_lines": 0, "excluded_lines": 0}, "missing_lines": [], "excluded_lines": []}, "Cart": {"executed_lines": [87, 91], "summary": {"covered_lines": 2, "num_statements": 3, "percent_covered": 66.66666666666667, "percent_covered_display": "67", "missing_lines": 1, "excluded_lines": 0}, "missing_lines": [83], "excluded_lines": []}, "Cart.Meta": {"executed_lines": [], "summary": {"covered_lines": 0, "num_statements": 0, "percent_covered": 100.0, "percent_covered_display": "100", "missing_lines": 0, "excluded_lines": 0}, "missing_lines": [], "excluded_lines": []}, "CartItem": {"executed_lines": [111, 112], "summary": {"covered_lines": 2, "num_statements": 4, "percent_covered": 50.0, "percent_covered_display": "50", "missing_lines": 2, "excluded_lines": 0}, "missing_lines": [107, 113], "excluded_lines": []}, "CartItem.Meta": {"executed_lines": [], "summary": {"covered_lines": 0, "num_statements": 0, "percent_covered": 100.0, "percent_covered_display": "100", "missing_lines": 0, "excluded_lines": 0}, "missing_lines": [], "excluded_lines": []}, "Order": {"executed_lines": [141], "summary": {"covered_lines": 1, "num_statements": 1, "percent_covered": 100.0, "percent_covered_display": "100", "missing_lines": 0, "excluded_lines": 0}, "missing_lines": [], "excluded_lines": []}, "Order.Meta": {"executed_lines": [], "summary": {"covered_lines": 0, "num_statements": 0, "percent_covered": 100.0, "percent_covered_display": "100", "missing_lines": 0, "excluded_lines": 0}, "missing_lines": [], "excluded_lines": []}, "OrderItem": {"executed_lines": [], "summary": {"covered_lines": 0, "num_statements": 4, "percent_covered": 0.0, "percent_covered_display": "0", "missing_lines": 4, "excluded_lines": 0}, "missing_lines": [156, 160, 161, 162], "excluded_lines": []}, "OrderItem.Meta": {"executed_lines": [], "summary": {"covered_lines": 0, "num_statements": 0, "percent_covered": 100.0, "percent_covered_display": "100", "missing_lines": 0, "excluded_lines": 0}, "missing_lines": [], "excluded_lines": []}, "": {"executed_lines": [1, 2, 3, 6, 7, 8, 13, 14, 15, 17, 21, 22, 23, 24, 25, 27, 28, 29, 30, 32, 36, 37, 38, 40, 41, 42, 43, 45, 49, 50, 51, 52, 53, 54, 55, 56, 57, 58, 59, 60, 61, 63, 64, 65, 66, 68, 72, 73, 74, 75, 76, 78, 79, 80, 82, 85, 89, 94, 95, 96, 97, 98, 99, 101, 102, 103, 104, 106, 109, 116, 117, 118, 126, 127, 128, 129, 130, 131, 132, 133, 135, 136, 137, 138, 140, 144, 145, 146, 147, 148, 149, 151, 152, 153, 155, 158], "summary": {"covered_lines": 88, "num_statements": 88, "percent_covered": 100.0, "percent_covered_display": "100", "missing_lines": 0, "excluded_lines": 0}, "missing_lines": [], "excluded_lines": []}}}, "shop\\templatetags\\__init__.py": {"executed_lines": [0], "summary": {"covered_lines": 0, "num_statements": 0, "percent_covered": 100.0, "percent_covered_display": "100", "missing_lines": 0, "excluded_lines": 0}, "missing_lines": [], "excluded_lines": [], "functions": {"": {"executed_lines": [], "summary": {"covered_lines": 0, "num_statements": 0, "percent_covered": 100.0, "percent_covered_display": "100", "missing_lines": 0, "excluded_lines": 0}, "missing_lines": [], "excluded_lines": []}}, "classes": {"": {"executed_lines": [], "summary": {"covered_lines": 0, "num_statements": 0, "percent_covered": 100.0, "percent_covered_display": "100", "missing_lines": 0, "excluded_lines": 0}, "missing_lines": [], "excluded_lines": []}}}, "shop\\templatetags\\shop_tags.py": {"executed_lines": [1, 3, 6, 7, 26, 27], "summary": {"covered_lines": 6, "num_statements": 10, "percent_covered": 60.0, "percent_covered_display": "60", "missing_lines": 4, "excluded_lines": 0}, "missing_lines": [12, 23, 31, 41], "excluded_lines": [], "functions": {"tag_color": {"executed_lines": [], "summary": {"covered_lines": 0, "num_statements": 2, "percent_covered": 0.0, "percent_covered_display": "0", "missing_lines": 2, "excluded_lines": 0}, "missing_lines": [12, 23], "excluded_lines": []}, "tag_icon": {"executed_lines": [], "summary": {"covered_lines": 0, "num_statements": 2, "percent_covered": 0.0, "percent_covered_display": "0", "missing_lines": 2, "excluded_lines": 0}, "missing_lines": [31, 41], "excluded_lines": []}, "": {"executed_lines": [1, 3, 6, 7, 26, 27], "summary": {"covered_lines": 6, "num_statements": 6, "percent_covered": 100.0, "percent_covered_display": "100", "missing_lines": 0, "excluded_lines": 0}, "missing_lines": [], "excluded_lines": []}}, "classes": {"": {"executed_lines": [1, 3, 6, 7, 26, 27], "summary": {"covered_lines": 6, "num_statements": 10, "percent_covered": 60.0, "percent_covered_display": "60", "missing_lines": 4, "excluded_lines": 0}, "missing_lines": [12, 23, 31, 41], "excluded_lines": []}}}, "shop\\tests.py": {"executed_lines": [], "summary": {"covered_lines": 0, "num_statements": 1, "percent_covered": 0.0, "percent_covered_display": "0", "missing_lines": 1, "excluded_lines": 0}, "missing_lines": [1], "excluded_lines": [], "functions": {"": {"executed_lines": [], "summary": {"covered_lines": 0, "num_statements": 1, "percent_covered": 0.0, "percent_covered_display": "0", "missing_lines": 1, "excluded_lines": 0}, "missing_lines": [1], "excluded_lines": []}}, "classes": {"": {"executed_lines": [], "summary": {"covered_lines": 0, "num_statements": 1, "percent_covered": 0.0, "percent_covered_display": "0", "missing_lines": 1, "excluded_lines": 0}, "missing_lines": [1], "excluded_lines": []}}}, "shop\\urls.py": {"executed_lines": [1, 2, 4], "summary": {"covered_lines": 3, "num_statements": 3, "percent_covered": 100.0, "percent_covered_display": "100", "missing_lines": 0, "excluded_lines": 0}, "missing_lines": [], "excluded_lines": [], "functions": {"": {"executed_lines": [1, 2, 4], "summary": {"covered_lines": 3, "num_statements": 3, "percent_covered": 100.0, "percent_covered_display": "100", "missing_lines": 0, "excluded_lines": 0}, "missing_lines": [], "excluded_lines": []}}, "classes": {"": {"executed_lines": [1, 2, 4], "summary": {"covered_lines": 3, "num_statements": 3, "percent_covered": 100.0, "percent_covered_display": "100", "missing_lines": 0, "excluded_lines": 0}, "missing_lines": [], "excluded_lines": []}}}, "shop\\views.py": {"executed_lines": [1, 2, 3, 4, 5, 6, 7, 8, 13, 15, 16, 18, 22, 25, 27, 30, 31, 32, 40, 41, 42, 50, 51, 56, 57, 59, 67, 70, 87, 89, 92, 100, 102, 105, 107, 110, 111, 112, 113, 114, 115, 116, 117, 121, 124, 133, 134, 136, 137, 138, 140, 142, 147, 150, 151, 172, 173, 189, 190, 204, 205, 215, 216, 218, 219, 221, 223, 224, 225, 227, 233, 240, 241, 244, 245, 265, 266, 278, 279, 281, 283, 284, 285, 287, 288, 289, 291, 292, 297, 298, 299, 300, 303, 304, 311, 312, 315, 317, 318, 334, 335, 345, 346, 358, 359, 385, 386, 414, 415, 418, 419, 420, 421, 422, 424, 428, 433, 434, 437, 438, 440, 445, 446, 449, 450, 451, 452, 453, 454, 457, 465, 469, 475, 476, 477, 479, 482], "summary": {"covered_lines": 137, "num_statements": 260, "percent_covered": 52.69230769230769, "percent_covered_display": "53", "missing_lines": 123, "excluded_lines": 0}, "missing_lines": [33, 34, 35, 36, 37, 43, 44, 45, 46, 47, 52, 72, 73, 78, 82, 90, 93, 94, 95, 96, 97, 98, 108, 119, 126, 127, 128, 153, 154, 155, 157, 158, 159, 160, 161, 162, 163, 164, 165, 167, 169, 175, 177, 178, 179, 180, 181, 182, 184, 186, 192, 194, 195, 196, 197, 199, 207, 209, 212, 234, 235, 236, 237, 238, 247, 248, 250, 252, 253, 254, 255, 256, 258, 259, 260, 262, 268, 269, 270, 272, 273, 293, 294, 321, 325, 327, 331, 337, 339, 342, 348, 350, 353, 361, 362, 363, 366, 367, 372, 373, 374, 376, 382, 388, 389, 390, 393, 396, 399, 400, 401, 404, 406, 411, 425, 426, 429, 430, 441, 442, 471, 472, 480], "excluded_lines": [], "functions": {"home": {"executed_lines": [15, 16, 18, 22], "summary": {"covered_lines": 4, "num_statements": 4, "percent_covered": 100.0, "percent_covered_display": "100", "missing_lines": 0, "excluded_lines": 0}, "missing_lines": [], "excluded_lines": []}, "product_list": {"executed_lines": [27, 30, 31, 32, 40, 41, 42, 50, 51, 56, 57, 59, 67], "summary": {"covered_lines": 13, "num_statements": 24, "percent_covered": 54.166666666666664, "percent_covered_display": "54", "missing_lines": 11, "excluded_lines": 0}, "missing_lines": [33, 34, 35, 36, 37, 43, 44, 45, 46, 47, 52], "excluded_lines": []}, "product_detail": {"executed_lines": [], "summary": {"covered_lines": 0, "num_statements": 4, "percent_covered": 0.0, "percent_covered_display": "0", "missing_lines": 4, "excluded_lines": 0}, "missing_lines": [72, 73, 78, 82], "excluded_lines": []}, "register": {"executed_lines": [89, 92, 100, 102], "summary": {"covered_lines": 4, "num_statements": 11, "percent_covered": 36.36363636363637, "percent_covered_display": "36", "missing_lines": 7, "excluded_lines": 0}, "missing_lines": [90, 93, 94, 95, 96, 97, 98], "excluded_lines": []}, "user_login": {"executed_lines": [107, 110, 111, 112, 113, 114, 115, 116, 117, 121], "summary": {"covered_lines": 10, "num_statements": 12, "percent_covered": 83.33333333333333, "percent_covered_display": "83", "missing_lines": 2, "excluded_lines": 0}, "missing_lines": [108, 119], "excluded_lines": []}, "user_logout": {"executed_lines": [], "summary": {"covered_lines": 0, "num_statements": 3, "percent_covered": 0.0, "percent_covered_display": "0", "missing_lines": 3, "excluded_lines": 0}, "missing_lines": [126, 127, 128], "excluded_lines": []}, "seller_dashboard": {"executed_lines": [136, 137, 138, 140, 142, 147], "summary": {"covered_lines": 6, "num_statements": 6, "percent_covered": 100.0, "percent_covered_display": "100", "missing_lines": 0, "excluded_lines": 0}, "missing_lines": [], "excluded_lines": []}, "product_create": {"executed_lines": [], "summary": {"covered_lines": 0, "num_statements": 14, "percent_covered": 0.0, "percent_covered_display": "0", "missing_lines": 14, "excluded_lines": 0}, "missing_lines": [153, 154, 155, 157, 158, 159, 160, 161, 162, 163, 164, 165, 167, 169], "excluded_lines": []}, "product_edit": {"executed_lines": [], "summary": {"covered_lines": 0, "num_statements": 9, "percent_covered": 0.0, "percent_covered_display": "0", "missing_lines": 9, "excluded_lines": 0}, "missing_lines": [175, 177, 178, 179, 180, 181, 182, 184, 186], "excluded_lines": []}, "product_delete": {"executed_lines": [], "summary": {"covered_lines": 0, "num_statements": 6, "percent_covered": 0.0, "percent_covered_display": "0", "missing_lines": 6, "excluded_lines": 0}, "missing_lines": [192, 194, 195, 196, 197, 199], "excluded_lines": []}, "cart_view": {"executed_lines": [], "summary": {"covered_lines": 0, "num_statements": 3, "percent_covered": 0.0, "percent_covered_display": "0", "missing_lines": 3, "excluded_lines": 0}, "missing_lines": [207, 209, 212], "excluded_lines": []}, "cart_add": {"executed_lines": [218, 219, 221, 223, 224, 225, 227, 233, 240, 241], "summary": {"covered_lines": 10, "num_statements": 15, "percent_covered": 66.66666666666667, "percent_covered_display": "67", "missing_lines": 5, "excluded_lines": 0}, "missing_lines": [234, 235, 236, 237, 238], "excluded_lines": []}, "cart_update": {"executed_lines": [], "summary": {"covered_lines": 0, "num_statements": 12, "percent_covered": 0.0, "percent_covered_display": "0", "missing_lines": 12, "excluded_lines": 0}, "missing_lines": [247, 248, 250, 252, 253, 254, 255, 256, 258, 259, 260, 262], "excluded_lines": []}, "cart_remove": {"executed_lines": [], "summary": {"covered_lines": 0, "num_statements": 5, "percent_covered": 0.0, "percent_covered_display": "0", "missing_lines": 5, "excluded_lines": 0}, "missing_lines": [268, 269, 270, 272, 273], "excluded_lines": []}, "checkout": {"executed_lines": [281, 283, 284, 285, 287, 288, 289, 291, 292, 297, 298, 299, 300, 303, 304, 311, 312, 315, 317, 318], "summary": {"covered_lines": 20, "num_statements": 26, "percent_covered": 76.92307692307692, "percent_covered_display": "77", "missing_lines": 6, "excluded_lines": 0}, "missing_lines": [293, 294, 321, 325, 327, 331], "excluded_lines": []}, "order_list": {"executed_lines": [], "summary": {"covered_lines": 0, "num_statements": 3, "percent_covered": 0.0, "percent_covered_display": "0", "missing_lines": 3, "excluded_lines": 0}, "missing_lines": [337, 339, 342], "excluded_lines": []}, "order_detail": {"executed_lines": [], "summary": {"covered_lines": 0, "num_statements": 3, "percent_covered": 0.0, "percent_covered_display": "0", "missing_lines": 3, "excluded_lines": 0}, "missing_lines": [348, 350, 353], "excluded_lines": []}, "seller_orders": {"executed_lines": [], "summary": {"covered_lines": 0, "num_statements": 10, "percent_covered": 0.0, "percent_covered_display": "0", "missing_lines": 10, "excluded_lines": 0}, "missing_lines": [361, 362, 363, 366, 367, 372, 373, 374, 376, 382], "excluded_lines": []}, "seller_order_detail": {"executed_lines": [], "summary": {"covered_lines": 0, "num_statements": 11, "percent_covered": 0.0, "percent_covered_display": "0", "missing_lines": 11, "excluded_lines": 0}, "missing_lines": [388, 389, 390, 393, 396, 399, 400, 401, 404, 406, 411], "excluded_lines": []}, "seller_order_update_status": {"executed_lines": [418, 419, 420, 421, 422, 424, 428, 433, 434, 437, 438, 440, 445, 446, 449, 450, 451, 452, 453, 454, 457, 465, 469, 475, 476, 477, 479, 482], "summary": {"covered_lines": 28, "num_statements": 37, "percent_covered": 75.67567567567568, "percent_covered_display": "76", "missing_lines": 9, "excluded_lines": 0}, "missing_lines": [425, 426, 429, 430, 441, 442, 471, 472, 480], "excluded_lines": []}, "": {"executed_lines": [1, 2, 3, 4, 5, 6, 7, 8, 13, 25, 70, 87, 105, 124, 133, 134, 150, 151, 172, 173, 189, 190, 204, 205, 215, 216, 244, 245, 265, 266, 278, 279, 334, 335, 345, 346, 358, 359, 385, 386, 414, 415], "summary": {"covered_lines": 42, "num_statements": 42, "percent_covered": 100.0, "percent_covered_display": "100", "missing_lines": 0, "excluded_lines": 0}, "missing_lines": [], "excluded_lines": []}}, "classes": {"": {"executed_lines": [1, 2, 3, 4, 5, 6, 7, 8, 13, 15, 16, 18, 22, 25, 27, 30, 31, 32, 40, 41, 42, 50, 51, 56, 57, 59, 67, 70, 87, 89, 92, 100, 102, 105, 107, 110, 111, 112, 113, 114, 115, 116, 117, 121, 124, 133, 134, 136, 137, 138, 140, 142, 147, 150, 151, 172, 173, 189, 190, 204, 205, 215, 216, 218, 219, 221, 223, 224, 225, 227, 233, 240, 241, 244, 245, 265, 266, 278, 279, 281, 283, 284, 285, 287, 288, 289, 291, 292, 297, 298, 299, 300, 303, 304, 311, 312, 315, 317, 318, 334, 335, 345, 346, 358, 359, 385, 386, 414, 415, 418, 419, 420, 421, 422, 424, 428, 433, 434, 437, 438, 440, 445, 446, 449, 450, 451, 452, 453, 454, 457, 465, 469, 475, 476, 477, 479, 482], "summary": {"covered_lines": 137, "num_statements": 260, "percent_covered": 52.69230769230769, "percent_covered_display": "53", "missing_lines": 123, "excluded_lines": 0}, "missing_lines": [33, 34, 35, 36, 37, 43, 44, 45, 46, 47, 52, 72, 73, 78, 82, 90, 93, 94, 95, 96, 97, 98, 108, 119, 126, 127, 128, 153, 154, 155, 157, 158, 159, 160, 161, 162, 163, 164, 165, 167, 169, 175, 177, 178, 179, 180, 181, 182, 184, 186, 192, 194, 195, 196, 197, 199, 207, 209, 212, 234, 235, 236, 237, 238, 247, 248, 250, 252, 253, 254, 255, 256, 258, 259, 260, 262, 268, 269, 270, 272, 273, 293, 294, 321, 325, 327, 331, 337, 339, 342, 348, 350, 353, 361, 362, 363, 366, 367, 372, 373, 374, 376, 382, 388, 389, 390, 393, 396, 399, 400, 401, 404, 406, 411, 425, 426, 429, 430, 441, 442, 471, 472, 480], "excluded_lines": []}}}}, "totals": {"covered_lines": 360, "num_statements": 513, "percent_covered": 70.17543859649123, "percent_covered_display": "70", "missing_lines": 153, "excluded_lines": 0}}